{
  "stats": {
    "suites": 6,
    "tests": 9,
    "passes": 9,
    "pending": 0,
    "failures": 0,
    "start": "2019-01-03T09:47:48.308Z",
    "end": "2019-01-03T09:47:58.906Z",
    "duration": 10598,
    "testsRegistered": 9,
    "passPercent": 100,
    "pendingPercent": 0,
    "other": 0,
    "hasOther": false,
    "skipped": 0,
    "hasSkipped": false,
    "passPercentClass": "success",
    "pendingPercentClass": "danger"
  },
  "suites": {
    "uuid": "7ee8e946-5dbe-4656-acc9-4e028f4e9857",
    "title": "",
    "fullFile": "",
    "file": "",
    "beforeHooks": [],
    "afterHooks": [
      {
        "title": "\"after all\" hook",
        "fullTitle": "\"after all\" hook",
        "timedOut": false,
        "duration": 0,
        "pass": false,
        "fail": false,
        "pending": false,
        "code": "if (seleniumServer) {\n  return seleniumServer.kill();\n}",
        "err": {},
        "isRoot": true,
        "uuid": "2f6537e9-6414-4238-985f-8dfda7b78766",
        "isHook": true,
        "skipped": false
      }
    ],
    "tests": [],
    "suites": [
      {
        "uuid": "de4f3513-bf87-457e-b8fd-04f5a4503ead",
        "title": "[chrome]",
        "fullFile": "/Users/curtisburns/development/den/training/selenium/test/test.js",
        "file": "/test/test.js",
        "beforeHooks": [],
        "afterHooks": [],
        "tests": [],
        "suites": [
          {
            "uuid": "8006114a-7765-4cec-ad63-4986cb86c8ab",
            "title": "library app scenarios",
            "fullFile": "/Users/curtisburns/development/den/training/selenium/test/test.js",
            "file": "/test/test.js",
            "beforeHooks": [
              {
                "title": "\"before all\" hook",
                "fullTitle": "[chrome] library app scenarios \"before all\" hook",
                "timedOut": false,
                "duration": 2620,
                "pass": false,
                "fail": false,
                "pending": false,
                "code": "driver = await new webdriver.Builder().forBrowser('chrome').build(); \nawait driver.get('http://library-app.firebaseapp.com');\n// driver = await env.builder().build();",
                "err": {},
                "isRoot": false,
                "uuid": "2d245c0e-129c-41ca-b119-6a7c41ce5f06",
                "isHook": true,
                "skipped": false
              }
            ],
            "afterHooks": [
              {
                "title": "\"after all\" hook",
                "fullTitle": "[chrome] library app scenarios \"after all\" hook",
                "timedOut": false,
                "duration": 56,
                "pass": false,
                "fail": false,
                "pending": false,
                "code": "driver.quit()",
                "err": {},
                "isRoot": false,
                "uuid": "73213df5-40b3-43ff-a580-fe7803025523",
                "isHook": true,
                "skipped": false
              }
            ],
            "tests": [
              {
                "title": "changes button opacity upon button being enabled",
                "fullTitle": "[chrome] library app scenarios changes button opacity upon button being enabled",
                "timedOut": false,
                "duration": 227,
                "state": "passed",
                "speed": "slow",
                "pass": true,
                "fail": false,
                "pending": false,
                "code": "let submitBtn = await driver.findElement(By.css('.btn-lg'));\nawait driver.findElement(By.css('input')).sendKeys('user@gmail.com');\nawait driver.wait(function() {\n    return submitBtn.getCssValue('opacity').then(function(propVal){ \n        console.log(propVal == 1);\n        return propVal == 1;\n    })\n});\nsubmitBtn.getCssValue('opacity').then(function(propVal){ \n    return assert(propVal == 1);\n})",
                "err": {},
                "isRoot": false,
                "uuid": "e82b293f-6de5-46ea-b7ce-89b1441a7299",
                "isHook": false,
                "skipped": false
              },
              {
                "title": "input a valid email and clicking brings up alert success",
                "fullTitle": "[chrome] library app scenarios input a valid email and clicking brings up alert success",
                "timedOut": false,
                "duration": 731,
                "state": "passed",
                "speed": "slow",
                "pass": true,
                "fail": false,
                "pending": false,
                "code": "let submitBtn = await driver.findElement(By.css('.btn-lg'));\nawait submitBtn.click();\nawait driver.wait(until.elementLocated({css: '.alert-success'}), 10000).getText()\n.then( txt => {\nconsole.log(`Alert text is - ${txt}`);\n});\nawait driver.findElements(By.css('.alert-success')).then(result => {\n    assert(result.length === 1, result.length + \" alert-success were found\");\n})",
                "err": {},
                "isRoot": false,
                "uuid": "1bb3df7b-6013-44f4-b7a5-a98d2c799721",
                "isHook": false,
                "skipped": false
              },
              {
                "title": "shows text for nav bar",
                "fullTitle": "[chrome] library app scenarios shows text for nav bar",
                "timedOut": false,
                "duration": 11,
                "state": "passed",
                "speed": "fast",
                "pass": true,
                "fail": false,
                "pending": false,
                "code": "await driver.findElements(By.css('nav')).then(function(result) {\n    assert.equal(result.length, 1);\n})",
                "err": {},
                "isRoot": false,
                "uuid": "a384caee-fb4e-4018-b59a-cfd88c8e2599",
                "isHook": false,
                "skipped": false
              }
            ],
            "suites": [],
            "passes": [
              "e82b293f-6de5-46ea-b7ce-89b1441a7299",
              "1bb3df7b-6013-44f4-b7a5-a98d2c799721",
              "a384caee-fb4e-4018-b59a-cfd88c8e2599"
            ],
            "failures": [],
            "pending": [],
            "skipped": [],
            "duration": 969,
            "root": false,
            "rootEmpty": false,
            "_timeout": 10000
          }
        ],
        "passes": [],
        "failures": [],
        "pending": [],
        "skipped": [],
        "duration": 0,
        "root": false,
        "rootEmpty": false,
        "_timeout": 2000
      },
      {
        "uuid": "75ffdf6e-9b3a-4a00-8b98-68169bb43101",
        "title": "[firefox]",
        "fullFile": "/Users/curtisburns/development/den/training/selenium/test/test.js",
        "file": "/test/test.js",
        "beforeHooks": [],
        "afterHooks": [],
        "tests": [],
        "suites": [
          {
            "uuid": "afd3c928-2682-4eab-8b1f-e4104f7d8ebd",
            "title": "library app scenarios",
            "fullFile": "/Users/curtisburns/development/den/training/selenium/test/test.js",
            "file": "/test/test.js",
            "beforeHooks": [
              {
                "title": "\"before all\" hook",
                "fullTitle": "[firefox] library app scenarios \"before all\" hook",
                "timedOut": false,
                "duration": 2386,
                "pass": false,
                "fail": false,
                "pending": false,
                "code": "driver = await new webdriver.Builder().forBrowser('chrome').build(); \nawait driver.get('http://library-app.firebaseapp.com');\n// driver = await env.builder().build();",
                "err": {},
                "isRoot": false,
                "uuid": "b41870db-0d42-44a6-baac-b2c205d1b7ba",
                "isHook": true,
                "skipped": false
              }
            ],
            "afterHooks": [
              {
                "title": "\"after all\" hook",
                "fullTitle": "[firefox] library app scenarios \"after all\" hook",
                "timedOut": false,
                "duration": 113,
                "pass": false,
                "fail": false,
                "pending": false,
                "code": "driver.quit()",
                "err": {},
                "isRoot": false,
                "uuid": "32b0fc6b-963c-4c35-8d2d-63e0a2bcc775",
                "isHook": true,
                "skipped": false
              }
            ],
            "tests": [
              {
                "title": "changes button opacity upon button being enabled",
                "fullTitle": "[firefox] library app scenarios changes button opacity upon button being enabled",
                "timedOut": false,
                "duration": 252,
                "state": "passed",
                "speed": "slow",
                "pass": true,
                "fail": false,
                "pending": false,
                "code": "let submitBtn = await driver.findElement(By.css('.btn-lg'));\nawait driver.findElement(By.css('input')).sendKeys('user@gmail.com');\nawait driver.wait(function() {\n    return submitBtn.getCssValue('opacity').then(function(propVal){ \n        console.log(propVal == 1);\n        return propVal == 1;\n    })\n});\nsubmitBtn.getCssValue('opacity').then(function(propVal){ \n    return assert(propVal == 1);\n})",
                "err": {},
                "isRoot": false,
                "uuid": "9493699b-e59f-4b6c-9471-abe2b69ff77c",
                "isHook": false,
                "skipped": false
              },
              {
                "title": "input a valid email and clicking brings up alert success",
                "fullTitle": "[firefox] library app scenarios input a valid email and clicking brings up alert success",
                "timedOut": false,
                "duration": 721,
                "state": "passed",
                "speed": "slow",
                "pass": true,
                "fail": false,
                "pending": false,
                "code": "let submitBtn = await driver.findElement(By.css('.btn-lg'));\nawait submitBtn.click();\nawait driver.wait(until.elementLocated({css: '.alert-success'}), 10000).getText()\n.then( txt => {\nconsole.log(`Alert text is - ${txt}`);\n});\nawait driver.findElements(By.css('.alert-success')).then(result => {\n    assert(result.length === 1, result.length + \" alert-success were found\");\n})",
                "err": {},
                "isRoot": false,
                "uuid": "0cb8412b-592d-4e14-a94d-e71674005d8c",
                "isHook": false,
                "skipped": false
              },
              {
                "title": "shows text for nav bar",
                "fullTitle": "[firefox] library app scenarios shows text for nav bar",
                "timedOut": false,
                "duration": 15,
                "state": "passed",
                "speed": "fast",
                "pass": true,
                "fail": false,
                "pending": false,
                "code": "await driver.findElements(By.css('nav')).then(function(result) {\n    assert.equal(result.length, 1);\n})",
                "err": {},
                "isRoot": false,
                "uuid": "38fc2594-6c72-4467-a603-f2b090b5358a",
                "isHook": false,
                "skipped": false
              }
            ],
            "suites": [],
            "passes": [
              "9493699b-e59f-4b6c-9471-abe2b69ff77c",
              "0cb8412b-592d-4e14-a94d-e71674005d8c",
              "38fc2594-6c72-4467-a603-f2b090b5358a"
            ],
            "failures": [],
            "pending": [],
            "skipped": [],
            "duration": 988,
            "root": false,
            "rootEmpty": false,
            "_timeout": 10000
          }
        ],
        "passes": [],
        "failures": [],
        "pending": [],
        "skipped": [],
        "duration": 0,
        "root": false,
        "rootEmpty": false,
        "_timeout": 2000
      },
      {
        "uuid": "78bb96eb-ed91-40af-8736-f23f655c26f2",
        "title": "[safari]",
        "fullFile": "/Users/curtisburns/development/den/training/selenium/test/test.js",
        "file": "/test/test.js",
        "beforeHooks": [],
        "afterHooks": [],
        "tests": [],
        "suites": [
          {
            "uuid": "576ab52d-acc8-4d90-9c8d-497de6d1f028",
            "title": "library app scenarios",
            "fullFile": "/Users/curtisburns/development/den/training/selenium/test/test.js",
            "file": "/test/test.js",
            "beforeHooks": [
              {
                "title": "\"before all\" hook",
                "fullTitle": "[safari] library app scenarios \"before all\" hook",
                "timedOut": false,
                "duration": 2408,
                "pass": false,
                "fail": false,
                "pending": false,
                "code": "driver = await new webdriver.Builder().forBrowser('chrome').build(); \nawait driver.get('http://library-app.firebaseapp.com');\n// driver = await env.builder().build();",
                "err": {},
                "isRoot": false,
                "uuid": "db2bf383-6d7e-4b63-9aa3-a16d98a39fe2",
                "isHook": true,
                "skipped": false
              }
            ],
            "afterHooks": [
              {
                "title": "\"after all\" hook",
                "fullTitle": "[safari] library app scenarios \"after all\" hook",
                "timedOut": false,
                "duration": 104,
                "pass": false,
                "fail": false,
                "pending": false,
                "code": "driver.quit()",
                "err": {},
                "isRoot": false,
                "uuid": "be5398ac-03d0-4d01-905b-4d11d620545e",
                "isHook": true,
                "skipped": false
              }
            ],
            "tests": [
              {
                "title": "changes button opacity upon button being enabled",
                "fullTitle": "[safari] library app scenarios changes button opacity upon button being enabled",
                "timedOut": false,
                "duration": 194,
                "state": "passed",
                "speed": "slow",
                "pass": true,
                "fail": false,
                "pending": false,
                "code": "let submitBtn = await driver.findElement(By.css('.btn-lg'));\nawait driver.findElement(By.css('input')).sendKeys('user@gmail.com');\nawait driver.wait(function() {\n    return submitBtn.getCssValue('opacity').then(function(propVal){ \n        console.log(propVal == 1);\n        return propVal == 1;\n    })\n});\nsubmitBtn.getCssValue('opacity').then(function(propVal){ \n    return assert(propVal == 1);\n})",
                "err": {},
                "isRoot": false,
                "uuid": "f5417575-2d17-4dc0-936a-2cbcc8c175c1",
                "isHook": false,
                "skipped": false
              },
              {
                "title": "input a valid email and clicking brings up alert success",
                "fullTitle": "[safari] library app scenarios input a valid email and clicking brings up alert success",
                "timedOut": false,
                "duration": 711,
                "state": "passed",
                "speed": "slow",
                "pass": true,
                "fail": false,
                "pending": false,
                "code": "let submitBtn = await driver.findElement(By.css('.btn-lg'));\nawait submitBtn.click();\nawait driver.wait(until.elementLocated({css: '.alert-success'}), 10000).getText()\n.then( txt => {\nconsole.log(`Alert text is - ${txt}`);\n});\nawait driver.findElements(By.css('.alert-success')).then(result => {\n    assert(result.length === 1, result.length + \" alert-success were found\");\n})",
                "err": {},
                "isRoot": false,
                "uuid": "820336d5-551c-48fb-8b22-2204921c8dd6",
                "isHook": false,
                "skipped": false
              },
              {
                "title": "shows text for nav bar",
                "fullTitle": "[safari] library app scenarios shows text for nav bar",
                "timedOut": false,
                "duration": 19,
                "state": "passed",
                "speed": "fast",
                "pass": true,
                "fail": false,
                "pending": false,
                "code": "await driver.findElements(By.css('nav')).then(function(result) {\n    assert.equal(result.length, 1);\n})",
                "err": {},
                "isRoot": false,
                "uuid": "bb2b30ad-25b4-43ec-9aae-f7029da9966f",
                "isHook": false,
                "skipped": false
              }
            ],
            "suites": [],
            "passes": [
              "f5417575-2d17-4dc0-936a-2cbcc8c175c1",
              "820336d5-551c-48fb-8b22-2204921c8dd6",
              "bb2b30ad-25b4-43ec-9aae-f7029da9966f"
            ],
            "failures": [],
            "pending": [],
            "skipped": [],
            "duration": 924,
            "root": false,
            "rootEmpty": false,
            "_timeout": 10000
          }
        ],
        "passes": [],
        "failures": [],
        "pending": [],
        "skipped": [],
        "duration": 0,
        "root": false,
        "rootEmpty": false,
        "_timeout": 2000
      }
    ],
    "passes": [],
    "failures": [],
    "pending": [],
    "skipped": [],
    "duration": 0,
    "root": true,
    "rootEmpty": true,
    "_timeout": 2000
  },
  "copyrightYear": 2019
}